<?xml version="1.0" encoding="UTF-8"?>
<!-- Generated by org.testng.reporters.JUnitReportReporter -->
<testsuite hostname="LTIN396103" failures="0" tests="3" name="chaitanya.seleniumframeworkdesign.SubmitOrderTest" time="46.481" errors="0" timestamp="2022-11-30T14:02:07 IST" skipped="0">
  <testcase classname="chaitanya.seleniumframeworkdesign.SubmitOrderTest" name="submitOrder" time="14.393"/>
  <system-out/>
  <testcase classname="chaitanya.seleniumframeworkdesign.SubmitOrderTest" name="submitOrder" time="15.233"/>
  <system-out/>
  <testcase classname="chaitanya.seleniumframeworkdesign.SubmitOrderTest" name="orderHistoryTest" time="16.855"/>
  <system-out/>
</testsuite> <!-- chaitanya.seleniumframeworkdesign.SubmitOrderTest -->
