<?xml version="1.0" encoding="UTF-8"?>
<!-- Generated by org.testng.reporters.JUnitReportReporter -->
<testsuite hostname="LTIN396103" failures="0" tests="1" name="cucucmber.TestNGTestRunner" time="16.901" errors="0" timestamp="2022-12-05T12:50:50 IST" skipped="0">
  <testcase classname="cucucmber.TestNGTestRunner" name="runScenario" time="16.901"/>
  <system-out/>
</testsuite> <!-- cucucmber.TestNGTestRunner -->
