<?xml version="1.0" encoding="UTF-8"?>
<!-- Generated by org.testng.reporters.JUnitReportReporter -->
<testsuite hostname="LTIN396103" failures="0" tests="3" name="chaitanya.seleniumframeworkdesign.SubmitOrderTest" time="26.474" errors="0" timestamp="2022-12-01T18:41:34 IST" skipped="0">
  <testcase classname="chaitanya.seleniumframeworkdesign.SubmitOrderTest" name="submitOrder" time="8.381"/>
  <system-out/>
  <testcase classname="chaitanya.seleniumframeworkdesign.SubmitOrderTest" name="orderHistoryTest" time="10.107"/>
  <system-out/>
  <testcase classname="chaitanya.seleniumframeworkdesign.SubmitOrderTest" name="submitOrder" time="7.986"/>
  <system-out/>
</testsuite> <!-- chaitanya.seleniumframeworkdesign.SubmitOrderTest -->
