<?xml version="1.0" encoding="UTF-8"?>
<!-- Generated by org.testng.reporters.JUnitReportReporter -->
<testsuite hostname="LTIN396103" failures="0" tests="2" name="chaitanya.seleniumframeworkdesign.ErrorValidation" time="18.209" errors="0" timestamp="2022-12-01T18:41:34 IST" skipped="0">
  <testcase classname="chaitanya.seleniumframeworkdesign.ErrorValidation" name="loginError" time="5.575"/>
  <system-out/>
  <testcase classname="chaitanya.seleniumframeworkdesign.ErrorValidation" name="productError" time="12.634"/>
  <system-out/>
</testsuite> <!-- chaitanya.seleniumframeworkdesign.ErrorValidation -->
